  [1m[35m (2.8ms)[0m  [1m[34mSELECT sqlite_version(*)[0m
  [1m[35m (5.5ms)[0m  [1m[35mCREATE TABLE "schema_migrations" ("version" varchar NOT NULL PRIMARY KEY)[0m
  [1m[35m (8.5ms)[0m  [1m[35mCREATE TABLE "ar_internal_metadata" ("key" varchar NOT NULL PRIMARY KEY, "value" varchar, "created_at" datetime(6) NOT NULL, "updated_at" datetime(6) NOT NULL)[0m
  [1m[36mActiveRecord::SchemaMigration Pluck (0.1ms)[0m  [1m[34mSELECT "schema_migrations"."version" FROM "schema_migrations" ORDER BY "schema_migrations"."version" ASC[0m
Migrating to CreateGames (20220131202524)
  [1m[36mTRANSACTION (0.1ms)[0m  [1m[36mbegin transaction[0m
  [1m[35m (0.3ms)[0m  [1m[35mCREATE TABLE "games" ("id" integer PRIMARY KEY AUTOINCREMENT NOT NULL, "title" varchar, "genre" varchar, "description" text, "price" float, "created_at" datetime(6) NOT NULL, "updated_at" datetime(6) NOT NULL)[0m
  [1m[36mActiveRecord::SchemaMigration Create (0.4ms)[0m  [1m[32mINSERT INTO "schema_migrations" ("version") VALUES (?)[0m  [["version", "20220131202524"]]
  [1m[36mTRANSACTION (7.7ms)[0m  [1m[36mcommit transaction[0m
Migrating to CreateUsers (20220131202542)
  [1m[36mTRANSACTION (0.1ms)[0m  [1m[36mbegin transaction[0m
  [1m[35m (0.3ms)[0m  [1m[35mCREATE TABLE "users" ("id" integer PRIMARY KEY AUTOINCREMENT NOT NULL, "username" varchar, "created_at" datetime(6) NOT NULL, "updated_at" datetime(6) NOT NULL)[0m
  [1m[36mActiveRecord::SchemaMigration Create (0.2ms)[0m  [1m[32mINSERT INTO "schema_migrations" ("version") VALUES (?)[0m  [["version", "20220131202542"]]
  [1m[36mTRANSACTION (7.1ms)[0m  [1m[36mcommit transaction[0m
Migrating to CreateReviews (20220131202624)
  [1m[36mTRANSACTION (0.1ms)[0m  [1m[36mbegin transaction[0m
  [1m[35m (0.4ms)[0m  [1m[35mCREATE TABLE "reviews" ("id" integer PRIMARY KEY AUTOINCREMENT NOT NULL, "game_id" integer NOT NULL, "user_id" integer NOT NULL, "review" text, "created_at" datetime(6) NOT NULL, "updated_at" datetime(6) NOT NULL, CONSTRAINT "fk_rails_dfb9dc48b4"
FOREIGN KEY ("game_id")
  REFERENCES "games" ("id")
, CONSTRAINT "fk_rails_74a66bd6c5"
FOREIGN KEY ("user_id")
  REFERENCES "users" ("id")
)[0m
  [1m[35m (0.2ms)[0m  [1m[35mCREATE INDEX "index_reviews_on_game_id" ON "reviews" ("game_id")[0m
  [1m[35m (0.2ms)[0m  [1m[35mCREATE INDEX "index_reviews_on_user_id" ON "reviews" ("user_id")[0m
  [1m[36mActiveRecord::SchemaMigration Create (0.2ms)[0m  [1m[32mINSERT INTO "schema_migrations" ("version") VALUES (?)[0m  [["version", "20220131202624"]]
  [1m[36mTRANSACTION (5.3ms)[0m  [1m[36mcommit transaction[0m
  [1m[36mActiveRecord::InternalMetadata Load (0.1ms)[0m  [1m[34mSELECT "ar_internal_metadata".* FROM "ar_internal_metadata" WHERE "ar_internal_metadata"."key" = ? LIMIT ?[0m  [["key", "environment"], ["LIMIT", 1]]
  [1m[36mTRANSACTION (0.2ms)[0m  [1m[36mbegin transaction[0m
  [1m[36mActiveRecord::InternalMetadata Create (0.3ms)[0m  [1m[32mINSERT INTO "ar_internal_metadata" ("key", "value", "created_at", "updated_at") VALUES (?, ?, ?, ?)[0m  [["key", "environment"], ["value", "development"], ["created_at", "2022-01-31 20:29:48.739198"], ["updated_at", "2022-01-31 20:29:48.739198"]]
  [1m[36mTRANSACTION (5.6ms)[0m  [1m[36mcommit transaction[0m
  [1m[35m (0.2ms)[0m  [1m[34mSELECT sqlite_version(*)[0m
  [1m[36mActiveRecord::SchemaMigration Pluck (0.1ms)[0m  [1m[34mSELECT "schema_migrations"."version" FROM "schema_migrations" ORDER BY "schema_migrations"."version" ASC[0m
  [1m[35m (1.5ms)[0m  [1m[34mSELECT sqlite_version(*)[0m
  [1m[36mGame Load (0.3ms)[0m  [1m[34mSELECT "games".* FROM "games"[0m
  [1m[36mUser Load (0.2ms)[0m  [1m[34mSELECT "users".* FROM "users"[0m
  [1m[36mReview Load (0.3ms)[0m  [1m[34mSELECT "reviews".* FROM "reviews"[0m
  [1m[36mReview Load (0.1ms)[0m  [1m[34mSELECT "reviews".* FROM "reviews" ORDER BY "reviews"."id" ASC LIMIT ?[0m  [["LIMIT", 1]]
  [1m[35m (1.4ms)[0m  [1m[34mSELECT sqlite_version(*)[0m
  [1m[36mActiveRecord::SchemaMigration Pluck (0.3ms)[0m  [1m[34mSELECT "schema_migrations"."version" FROM "schema_migrations" ORDER BY "schema_migrations"."version" ASC[0m
  [1m[35m (0.1ms)[0m  [1m[34mSELECT sqlite_version(*)[0m
  [1m[36mTRANSACTION (0.1ms)[0m  [1m[36mbegin transaction[0m
  [1m[36mGame Create (0.2ms)[0m  [1m[32mINSERT INTO "games" ("title", "genre", "description", "price", "created_at", "updated_at") VALUES (?, ?, ?, ?, ?, ?)[0m  [["title", "Halo: Infinite"], ["genre", "FPS"], ["description", "Microsoft brings back Master Chief again for the same old shit..."], ["price", 0.0], ["created_at", "2022-01-31 20:36:12.818069"], ["updated_at", "2022-01-31 20:36:12.818069"]]
  [1m[36mTRANSACTION (7.9ms)[0m  [1m[36mcommit transaction[0m
  [1m[36mTRANSACTION (0.1ms)[0m  [1m[36mbegin transaction[0m
  [1m[36mGame Create (0.3ms)[0m  [1m[32mINSERT INTO "games" ("title", "genre", "description", "price", "created_at", "updated_at") VALUES (?, ?, ?, ?, ?, ?)[0m  [["title", "Valorant"], ["genre", "FPS"], ["description", "Counter-Strike, but like, potato...with abilities. Totes. :smirk:"], ["price", 0.0], ["created_at", "2022-01-31 20:36:12.829939"], ["updated_at", "2022-01-31 20:36:12.829939"]]
  [1m[36mTRANSACTION (5.4ms)[0m  [1m[36mcommit transaction[0m
  [1m[36mTRANSACTION (0.1ms)[0m  [1m[36mbegin transaction[0m
  [1m[36mUser Create (0.2ms)[0m  [1m[32mINSERT INTO "users" ("username", "created_at", "updated_at") VALUES (?, ?, ?)[0m  [["username", "KatRoll"], ["created_at", "2022-01-31 20:36:12.843563"], ["updated_at", "2022-01-31 20:36:12.843563"]]
  [1m[36mTRANSACTION (4.5ms)[0m  [1m[36mcommit transaction[0m
  [1m[36mTRANSACTION (0.1ms)[0m  [1m[36mbegin transaction[0m
  [1m[36mUser Create (0.2ms)[0m  [1m[32mINSERT INTO "users" ("username", "created_at", "updated_at") VALUES (?, ?, ?)[0m  [["username", "fucking_wutizit"], ["created_at", "2022-01-31 20:36:12.851551"], ["updated_at", "2022-01-31 20:36:12.851551"]]
  [1m[36mTRANSACTION (4.7ms)[0m  [1m[36mcommit transaction[0m
  [1m[36mTRANSACTION (0.0ms)[0m  [1m[36mbegin transaction[0m
  [1m[36mUser Create (0.2ms)[0m  [1m[32mINSERT INTO "users" ("username", "created_at", "updated_at") VALUES (?, ?, ?)[0m  [["username", "Rivkah"], ["created_at", "2022-01-31 20:36:12.858646"], ["updated_at", "2022-01-31 20:36:12.858646"]]
  [1m[36mTRANSACTION (4.4ms)[0m  [1m[36mcommit transaction[0m
  [1m[36mTRANSACTION (0.1ms)[0m  [1m[36mbegin transaction[0m
  [1m[36mUser Create (0.2ms)[0m  [1m[32mINSERT INTO "users" ("username", "created_at", "updated_at") VALUES (?, ?, ?)[0m  [["username", "1NJ57C3"], ["created_at", "2022-01-31 20:36:12.865506"], ["updated_at", "2022-01-31 20:36:12.865506"]]
  [1m[36mTRANSACTION (7.8ms)[0m  [1m[36mcommit transaction[0m
  [1m[36mTRANSACTION (0.1ms)[0m  [1m[36mbegin transaction[0m
  [1m[36mReview Create (0.2ms)[0m  [1m[32mINSERT INTO "reviews" ("game_id", "user_id", "review", "created_at", "updated_at") VALUES (?, ?, ?, ?, ?)[0m  [["game_id", 1], ["user_id", 1], ["review", "Whack"], ["created_at", "2022-01-31 20:36:12.891748"], ["updated_at", "2022-01-31 20:36:12.891748"]]
  [1m[36mTRANSACTION (4.1ms)[0m  [1m[36mcommit transaction[0m
  [1m[36mTRANSACTION (0.0ms)[0m  [1m[36mbegin transaction[0m
  [1m[36mReview Create (0.2ms)[0m  [1m[32mINSERT INTO "reviews" ("game_id", "user_id", "review", "created_at", "updated_at") VALUES (?, ?, ?, ?, ?)[0m  [["game_id", 2], ["user_id", 1], ["review", "Meh"], ["created_at", "2022-01-31 20:36:12.898394"], ["updated_at", "2022-01-31 20:36:12.898394"]]
  [1m[36mTRANSACTION (7.2ms)[0m  [1m[36mcommit transaction[0m
  [1m[36mTRANSACTION (0.1ms)[0m  [1m[36mbegin transaction[0m
  [1m[36mReview Create (0.3ms)[0m  [1m[32mINSERT INTO "reviews" ("game_id", "user_id", "review", "created_at", "updated_at") VALUES (?, ?, ?, ?, ?)[0m  [["game_id", 1], ["user_id", 2], ["review", "It's alright."], ["created_at", "2022-01-31 20:36:12.908671"], ["updated_at", "2022-01-31 20:36:12.908671"]]
  [1m[36mTRANSACTION (6.0ms)[0m  [1m[36mcommit transaction[0m
  [1m[36mTRANSACTION (0.0ms)[0m  [1m[36mbegin transaction[0m
  [1m[36mReview Create (0.2ms)[0m  [1m[32mINSERT INTO "reviews" ("game_id", "user_id", "review", "created_at", "updated_at") VALUES (?, ?, ?, ?, ?)[0m  [["game_id", 2], ["user_id", 2], ["review", "That shit sucks!"], ["created_at", "2022-01-31 20:36:12.918960"], ["updated_at", "2022-01-31 20:36:12.918960"]]
  [1m[36mTRANSACTION (4.4ms)[0m  [1m[36mcommit transaction[0m
  [1m[36mTRANSACTION (0.0ms)[0m  [1m[36mbegin transaction[0m
  [1m[36mReview Create (0.2ms)[0m  [1m[32mINSERT INTO "reviews" ("game_id", "user_id", "review", "created_at", "updated_at") VALUES (?, ?, ?, ?, ?)[0m  [["game_id", 1], ["user_id", 3], ["review", "It's cool."], ["created_at", "2022-01-31 20:36:12.925697"], ["updated_at", "2022-01-31 20:36:12.925697"]]
  [1m[36mTRANSACTION (4.8ms)[0m  [1m[36mcommit transaction[0m
  [1m[36mTRANSACTION (0.1ms)[0m  [1m[36mbegin transaction[0m
  [1m[36mReview Create (0.4ms)[0m  [1m[32mINSERT INTO "reviews" ("game_id", "user_id", "review", "created_at", "updated_at") VALUES (?, ?, ?, ?, ?)[0m  [["game_id", 2], ["user_id", 3], ["review", "Um.. I haven't ever played, so I don't even..."], ["created_at", "2022-01-31 20:36:12.932939"], ["updated_at", "2022-01-31 20:36:12.932939"]]
  [1m[36mTRANSACTION (6.3ms)[0m  [1m[36mcommit transaction[0m
  [1m[36mTRANSACTION (0.1ms)[0m  [1m[36mbegin transaction[0m
  [1m[36mReview Create (0.3ms)[0m  [1m[32mINSERT INTO "reviews" ("game_id", "user_id", "review", "created_at", "updated_at") VALUES (?, ?, ?, ?, ?)[0m  [["game_id", 1], ["user_id", 4], ["review", "ODamnSameThing"], ["created_at", "2022-01-31 20:36:12.943233"], ["updated_at", "2022-01-31 20:36:12.943233"]]
  [1m[36mTRANSACTION (5.8ms)[0m  [1m[36mcommit transaction[0m
  [1m[36mTRANSACTION (0.1ms)[0m  [1m[36mbegin transaction[0m
  [1m[36mReview Create (0.2ms)[0m  [1m[32mINSERT INTO "reviews" ("game_id", "user_id", "review", "created_at", "updated_at") VALUES (?, ?, ?, ?, ?)[0m  [["game_id", 2], ["user_id", 4], ["review", "WHERE IS THE SHMOOVEMENT?!"], ["created_at", "2022-01-31 20:36:12.952600"], ["updated_at", "2022-01-31 20:36:12.952600"]]
  [1m[36mTRANSACTION (4.9ms)[0m  [1m[36mcommit transaction[0m
  [1m[35m (1.5ms)[0m  [1m[34mSELECT sqlite_version(*)[0m
  [1m[36mActiveRecord::SchemaMigration Pluck (0.8ms)[0m  [1m[34mSELECT "schema_migrations"."version" FROM "schema_migrations" ORDER BY "schema_migrations"."version" ASC[0m
  [1m[36mActiveRecord::InternalMetadata Pluck (0.3ms)[0m  [1m[34mSELECT "ar_internal_metadata"."value" FROM "ar_internal_metadata" WHERE "ar_internal_metadata"."key" = ? LIMIT ?[0m  [["key", "environment"], ["LIMIT", 1]]
  [1m[36mActiveRecord::SchemaMigration Pluck (0.1ms)[0m  [1m[34mSELECT "schema_migrations"."version" FROM "schema_migrations" ORDER BY "schema_migrations"."version" ASC[0m
  [1m[36mActiveRecord::InternalMetadata Pluck (0.1ms)[0m  [1m[34mSELECT "ar_internal_metadata"."value" FROM "ar_internal_metadata" WHERE "ar_internal_metadata"."key" = ? LIMIT ?[0m  [["key", "environment"], ["LIMIT", 1]]
  [1m[36mActiveRecord::SchemaMigration Pluck (0.0ms)[0m  [1m[34mSELECT "schema_migrations"."version" FROM "schema_migrations" ORDER BY "schema_migrations"."version" ASC[0m
  [1m[36mActiveRecord::InternalMetadata Pluck (0.1ms)[0m  [1m[34mSELECT "ar_internal_metadata"."value" FROM "ar_internal_metadata" WHERE "ar_internal_metadata"."key" = ? LIMIT ?[0m  [["key", "environment"], ["LIMIT", 1]]
  [1m[35m (0.0ms)[0m  [1m[34mSELECT sqlite_version(*)[0m
  [1m[35m (0.0ms)[0m  [1m[35mPRAGMA foreign_keys[0m
  [1m[35m (0.1ms)[0m  [1m[35mPRAGMA defer_foreign_keys[0m
  [1m[35m (0.1ms)[0m  [1m[35mPRAGMA defer_foreign_keys = ON[0m
  [1m[35m (0.0ms)[0m  [1m[35mPRAGMA foreign_keys = OFF[0m
  [1m[36mTruncate Tables (36.2ms)[0m  [1m[31mDELETE FROM "games";
DELETE FROM "users";
DELETE FROM "reviews"[0m
  [1m[35m (0.1ms)[0m  [1m[35mPRAGMA defer_foreign_keys = 0[0m
  [1m[35m (0.0ms)[0m  [1m[35mPRAGMA foreign_keys = 1[0m
  [1m[35m (0.1ms)[0m  [1m[34mSELECT sqlite_version(*)[0m
  [1m[36mActiveRecord::SchemaMigration Pluck (0.1ms)[0m  [1m[34mSELECT "schema_migrations"."version" FROM "schema_migrations" ORDER BY "schema_migrations"."version" ASC[0m
  [1m[35m (0.1ms)[0m  [1m[34mSELECT sqlite_version(*)[0m
  [1m[36mTRANSACTION (0.1ms)[0m  [1m[36mbegin transaction[0m
  [1m[36mGame Create (0.4ms)[0m  [1m[32mINSERT INTO "games" ("title", "genre", "description", "price", "created_at", "updated_at") VALUES (?, ?, ?, ?, ?, ?)[0m  [["title", "Halo: Infinite"], ["genre", "FPS"], ["description", "Microsoft brings back Master Chief again for the same old shit..."], ["price", 0.0], ["created_at", "2022-01-31 20:37:23.279828"], ["updated_at", "2022-01-31 20:37:23.279828"]]
  [1m[36mTRANSACTION (3.7ms)[0m  [1m[36mcommit transaction[0m
  [1m[36mTRANSACTION (0.2ms)[0m  [1m[36mbegin transaction[0m
  [1m[36mGame Create (0.3ms)[0m  [1m[32mINSERT INTO "games" ("title", "genre", "description", "price", "created_at", "updated_at") VALUES (?, ?, ?, ?, ?, ?)[0m  [["title", "Valorant"], ["genre", "FPS"], ["description", "Counter-Strike, but like, potato...with abilities. Totes. :smirk:"], ["price", 0.0], ["created_at", "2022-01-31 20:37:23.289427"], ["updated_at", "2022-01-31 20:37:23.289427"]]
  [1m[36mTRANSACTION (6.7ms)[0m  [1m[36mcommit transaction[0m
  [1m[36mTRANSACTION (0.1ms)[0m  [1m[36mbegin transaction[0m
  [1m[36mUser Create (0.4ms)[0m  [1m[32mINSERT INTO "users" ("username", "created_at", "updated_at") VALUES (?, ?, ?)[0m  [["username", "KatRoll"], ["created_at", "2022-01-31 20:37:23.306971"], ["updated_at", "2022-01-31 20:37:23.306971"]]
  [1m[36mTRANSACTION (7.0ms)[0m  [1m[36mcommit transaction[0m
  [1m[36mTRANSACTION (0.1ms)[0m  [1m[36mbegin transaction[0m
  [1m[36mUser Create (0.3ms)[0m  [1m[32mINSERT INTO "users" ("username", "created_at", "updated_at") VALUES (?, ?, ?)[0m  [["username", "fucking_wutizit"], ["created_at", "2022-01-31 20:37:23.318881"], ["updated_at", "2022-01-31 20:37:23.318881"]]
  [1m[36mTRANSACTION (4.2ms)[0m  [1m[36mcommit transaction[0m
  [1m[36mTRANSACTION (0.0ms)[0m  [1m[36mbegin transaction[0m
  [1m[36mUser Create (0.3ms)[0m  [1m[32mINSERT INTO "users" ("username", "created_at", "updated_at") VALUES (?, ?, ?)[0m  [["username", "Rivkah"], ["created_at", "2022-01-31 20:37:23.326553"], ["updated_at", "2022-01-31 20:37:23.326553"]]
  [1m[36mTRANSACTION (4.6ms)[0m  [1m[36mcommit transaction[0m
  [1m[36mTRANSACTION (0.1ms)[0m  [1m[36mbegin transaction[0m
  [1m[36mUser Create (0.3ms)[0m  [1m[32mINSERT INTO "users" ("username", "created_at", "updated_at") VALUES (?, ?, ?)[0m  [["username", "1NJ57C3"], ["created_at", "2022-01-31 20:37:23.334126"], ["updated_at", "2022-01-31 20:37:23.334126"]]
  [1m[36mTRANSACTION (7.6ms)[0m  [1m[36mcommit transaction[0m
  [1m[36mTRANSACTION (0.1ms)[0m  [1m[36mbegin transaction[0m
  [1m[36mReview Create (0.3ms)[0m  [1m[32mINSERT INTO "reviews" ("game_id", "user_id", "review", "created_at", "updated_at") VALUES (?, ?, ?, ?, ?)[0m  [["game_id", 3], ["user_id", 5], ["review", "Whack"], ["created_at", "2022-01-31 20:37:23.364655"], ["updated_at", "2022-01-31 20:37:23.364655"]]
  [1m[36mTRANSACTION (4.5ms)[0m  [1m[36mcommit transaction[0m
  [1m[36mTRANSACTION (0.1ms)[0m  [1m[36mbegin transaction[0m
  [1m[36mReview Create (0.4ms)[0m  [1m[32mINSERT INTO "reviews" ("game_id", "user_id", "review", "created_at", "updated_at") VALUES (?, ?, ?, ?, ?)[0m  [["game_id", 4], ["user_id", 5], ["review", "Meh"], ["created_at", "2022-01-31 20:37:23.374961"], ["updated_at", "2022-01-31 20:37:23.374961"]]
  [1m[36mTRANSACTION (7.2ms)[0m  [1m[36mcommit transaction[0m
  [1m[36mTRANSACTION (0.1ms)[0m  [1m[36mbegin transaction[0m
  [1m[36mReview Create (0.3ms)[0m  [1m[32mINSERT INTO "reviews" ("game_id", "user_id", "review", "created_at", "updated_at") VALUES (?, ?, ?, ?, ?)[0m  [["game_id", 3], ["user_id", 6], ["review", "It's alright."], ["created_at", "2022-01-31 20:37:23.387235"], ["updated_at", "2022-01-31 20:37:23.387235"]]
  [1m[36mTRANSACTION (4.6ms)[0m  [1m[36mcommit transaction[0m
  [1m[36mTRANSACTION (0.0ms)[0m  [1m[36mbegin transaction[0m
  [1m[36mReview Create (0.2ms)[0m  [1m[32mINSERT INTO "reviews" ("game_id", "user_id", "review", "created_at", "updated_at") VALUES (?, ?, ?, ?, ?)[0m  [["game_id", 4], ["user_id", 6], ["review", "That shit sucks!"], ["created_at", "2022-01-31 20:37:23.394978"], ["updated_at", "2022-01-31 20:37:23.394978"]]
  [1m[36mTRANSACTION (5.5ms)[0m  [1m[36mcommit transaction[0m
  [1m[36mTRANSACTION (0.1ms)[0m  [1m[36mbegin transaction[0m
  [1m[36mReview Create (0.5ms)[0m  [1m[32mINSERT INTO "reviews" ("game_id", "user_id", "review", "created_at", "updated_at") VALUES (?, ?, ?, ?, ?)[0m  [["game_id", 3], ["user_id", 7], ["review", "It's cool."], ["created_at", "2022-01-31 20:37:23.403137"], ["updated_at", "2022-01-31 20:37:23.403137"]]
  [1m[36mTRANSACTION (5.2ms)[0m  [1m[36mcommit transaction[0m
  [1m[36mTRANSACTION (0.0ms)[0m  [1m[36mbegin transaction[0m
  [1m[36mReview Create (0.2ms)[0m  [1m[32mINSERT INTO "reviews" ("game_id", "user_id", "review", "created_at", "updated_at") VALUES (?, ?, ?, ?, ?)[0m  [["game_id", 4], ["user_id", 7], ["review", "Um.. I haven't ever played, so I don't even..."], ["created_at", "2022-01-31 20:37:23.414302"], ["updated_at", "2022-01-31 20:37:23.414302"]]
  [1m[36mTRANSACTION (4.1ms)[0m  [1m[36mcommit transaction[0m
  [1m[36mTRANSACTION (0.0ms)[0m  [1m[36mbegin transaction[0m
  [1m[36mReview Create (0.2ms)[0m  [1m[32mINSERT INTO "reviews" ("game_id", "user_id", "review", "created_at", "updated_at") VALUES (?, ?, ?, ?, ?)[0m  [["game_id", 3], ["user_id", 8], ["review", "ODamnSameThing"], ["created_at", "2022-01-31 20:37:23.420935"], ["updated_at", "2022-01-31 20:37:23.420935"]]
  [1m[36mTRANSACTION (4.1ms)[0m  [1m[36mcommit transaction[0m
  [1m[36mTRANSACTION (0.0ms)[0m  [1m[36mbegin transaction[0m
  [1m[36mReview Create (0.2ms)[0m  [1m[32mINSERT INTO "reviews" ("game_id", "user_id", "review", "created_at", "updated_at") VALUES (?, ?, ?, ?, ?)[0m  [["game_id", 4], ["user_id", 8], ["review", "WHERE IS THE SHMOOVEMENT?!"], ["created_at", "2022-01-31 20:37:23.427311"], ["updated_at", "2022-01-31 20:37:23.427311"]]
  [1m[36mTRANSACTION (3.9ms)[0m  [1m[36mcommit transaction[0m
  [1m[35m (2.7ms)[0m  [1m[34mSELECT sqlite_version(*)[0m
  [1m[36mReview Load (0.6ms)[0m  [1m[34mSELECT "reviews".* FROM "reviews" ORDER BY "reviews"."id" ASC LIMIT ?[0m  [["LIMIT", 1]]
  [1m[36mUser Load (0.2ms)[0m  [1m[34mSELECT "users".* FROM "users" WHERE "users"."id" = ? LIMIT ?[0m  [["id", 5], ["LIMIT", 1]]
  [1m[36mUser Load (0.2ms)[0m  [1m[34mSELECT "users".* FROM "users" ORDER BY "users"."id" ASC LIMIT ?[0m  [["LIMIT", 1]]
  [1m[36mUser Load (0.1ms)[0m  [1m[34mSELECT "users".* FROM "users" ORDER BY "users"."id" ASC LIMIT ?[0m  [["LIMIT", 1]]
  [1m[36mUser Load (0.1ms)[0m  [1m[34mSELECT "users".* FROM "users" ORDER BY "users"."id" ASC LIMIT ?[0m  [["LIMIT", 1]]
  [1m[36mUser Load (0.1ms)[0m  [1m[34mSELECT "users".* FROM "users" ORDER BY "users"."id" ASC LIMIT ?[0m  [["LIMIT", 1]]
  [1m[36mReview Load (0.4ms)[0m  [1m[34mSELECT "reviews".* FROM "reviews" WHERE "reviews"."user_id" = ?[0m  [["user_id", 5]]
  [1m[36mGame Load (0.1ms)[0m  [1m[34mSELECT "games".* FROM "games" ORDER BY "games"."id" ASC LIMIT ?[0m  [["LIMIT", 1]]
  [1m[36mReview Load (0.2ms)[0m  [1m[34mSELECT "reviews".* FROM "reviews" WHERE "reviews"."game_id" = ?[0m  [["game_id", 3]]
Started GET "/games" for ::1 at 2022-01-31 12:39:57 -0800
  [1m[35m (1.4ms)[0m  [1m[34mSELECT sqlite_version(*)[0m
  [1m[36mActiveRecord::SchemaMigration Pluck (0.3ms)[0m  [1m[34mSELECT "schema_migrations"."version" FROM "schema_migrations" ORDER BY "schema_migrations"."version" ASC[0m
Processing by GamesController#index as HTML
  [1m[36mGame Load (0.2ms)[0m  [1m[34mSELECT "games".* FROM "games"[0m
  ↳ app/controllers/games_controller.rb:3:in `index'
Completed 200 OK in 40ms (Views: 11.3ms | ActiveRecord: 1.1ms | Allocations: 23275)


Started GET "/games" for ::1 at 2022-01-31 12:42:23 -0800
Processing by GamesController#index as HTML
Completed 500 Internal Server Error in 5ms (Allocations: 2906)


  
NameError (undefined local variable or method `reviews' for #<GamesController:0x000000000041c8>):
  
app/controllers/games_controller.rb:3:in `index'
Started GET "/games" for ::1 at 2022-01-31 12:42:41 -0800
Processing by GamesController#index as HTML
  [1m[35m (0.1ms)[0m  [1m[34mSELECT sqlite_version(*)[0m
  ↳ app/controllers/games_controller.rb:3:in `index'
  [1m[36mGame Load (0.4ms)[0m  [1m[34mSELECT "games".* FROM "games"[0m
  ↳ app/controllers/games_controller.rb:3:in `index'
  [1m[36mReview Load (0.4ms)[0m  [1m[34mSELECT "reviews".* FROM "reviews" WHERE "reviews"."game_id" = ?[0m  [["game_id", 3]]
  ↳ app/controllers/games_controller.rb:3:in `index'
  [1m[36mReview Load (0.2ms)[0m  [1m[34mSELECT "reviews".* FROM "reviews" WHERE "reviews"."game_id" = ?[0m  [["game_id", 4]]
  ↳ app/controllers/games_controller.rb:3:in `index'
Completed 200 OK in 64ms (Views: 61.6ms | ActiveRecord: 4.7ms | Allocations: 18599)


